-- Found ament_cmake: 1.3.9 (/opt/ros/humble/share/ament_cmake/cmake)
-- Found rclcpp: 16.0.9 (/opt/ros/humble/share/rclcpp/cmake)
-- Found rosidl_generator_c: 3.1.5 (/opt/ros/humble/share/rosidl_generator_c/cmake)
-- Found rosidl_adapter: 3.1.5 (/opt/ros/humble/share/rosidl_adapter/cmake)
-- Found rosidl_generator_cpp: 3.1.5 (/opt/ros/humble/share/rosidl_generator_cpp/cmake)
-- Using all available rosidl_typesupport_c: rosidl_typesupport_fastrtps_c;rosidl_typesupport_introspection_c
-- Using all available rosidl_typesupport_cpp: rosidl_typesupport_fastrtps_cpp;rosidl_typesupport_introspection_cpp
-- Found rmw_implementation_cmake: 6.1.2 (/opt/ros/humble/share/rmw_implementation_cmake/cmake)
-- Found rmw_fastrtps_cpp: 6.2.6 (/opt/ros/humble/share/rmw_fastrtps_cpp/cmake)
-- Using RMW implementation 'rmw_fastrtps_cpp' as default
-- Found rclcpp_components: 16.0.9 (/opt/ros/humble/share/rclcpp_components/cmake)
-- Found composition: 0.20.4 (/opt/ros/humble/share/composition/cmake)
-- Found sensor_msgs: 4.2.4 (/opt/ros/humble/share/sensor_msgs/cmake)
-- Found slg_msgs: 3.8.0 (/home/parallels/ros2_ws/src/general/install/slg_msgs/share/slg_msgs/cmake)
-- Found perception_interfaces: 0.0.0 (/home/parallels/ros2_ws/src/general/install/perception_interfaces/share/perception_interfaces/cmake)
-- Found ament_lint_auto: 0.12.11 (/opt/ros/humble/share/ament_lint_auto/cmake)
-- Added test 'cppcheck' to perform static code analysis on C / C++ code
-- Configured cppcheck include dirs: /home/parallels/ros2_ws/src/general/perception/include
-- Configured cppcheck exclude dirs and/or files: 
-- Added test 'flake8' to check Python code syntax and style conventions
-- Added test 'lint_cmake' to check CMake code style
-- Added test 'pep257' to check Python code against some of the docstring style conventions in PEP 257
-- Added test 'uncrustify' to check C / C++ code style
-- Configured uncrustify additional arguments: 
-- Added test 'xmllint' to check XML markup files
-- Configuring done
-- Generating done
-- Build files have been written to: /home/parallels/ros2_ws/src/general/build/perception
[35m[1mConsolidate compiler generated dependencies of target lidar_prop_detector_component[0m
[35m[1mConsolidate compiler generated dependencies of target coord_finder_component[0m
[ 12%] Built target coord_finder_component
[35m[1mConsolidate compiler generated dependencies of target liblidar_calculations[0m
[ 25%] Built target lidar_prop_detector_component
[ 37%] Built target liblidar_calculations
[35m[1mConsolidate compiler generated dependencies of target libhelpers[0m
[35m[1mConsolidate compiler generated dependencies of target coord_finder_composition[0m
[ 50%] Built target libhelpers
[ 62%] Built target coord_finder_composition
[ 68%] [32mBuilding CXX object CMakeFiles/mock_coord_pub_component.dir/src/mock_coord_pub_component.cpp.o[0m
[35m[1mConsolidate compiler generated dependencies of target lidar_prop_detector_composition[0m
[ 81%] Built target lidar_prop_detector_composition
In file included from [01m[K/home/parallels/ros2_ws/src/general/perception/src/mock_coord_pub_component.cpp:1[m[K:
[01m[K/home/parallels/ros2_ws/src/general/perception/include/perception/mock_coord_pub_component.hpp:10:10:[m[K [01;31m[Kfatal error: [m[Kperception_interfaces/msg/bounding_box.hpp: No such file or directory
   10 | #include [01;31m[K"perception_interfaces/msg/bounding_box.hpp"[m[K
      |          [01;31m[K^~~~~~~~~~~~~~~~~~~~~~~~~~~~~~~~~~~~~~~~~~~~[m[K
compilation terminated.
gmake[2]: *** [CMakeFiles/mock_coord_pub_component.dir/build.make:76: CMakeFiles/mock_coord_pub_component.dir/src/mock_coord_pub_component.cpp.o] Error 1
gmake[1]: *** [CMakeFiles/Makefile2:309: CMakeFiles/mock_coord_pub_component.dir/all] Error 2
gmake: *** [Makefile:146: all] Error 2
