[0.014s] Invoking command in '/home/parallels/ros2_ws/src/general/build/perception': CMAKE_PREFIX_PATH=/home/parallels/ros2_ws/src/general/install/slg_msgs:/home/parallels/ros2_ws/src/general/install/perception_interfaces:/home/parallels/ros2_ws/src/general/install/laser_segmentation:/home/parallels/ros2_ws/src/general/install/njord_tasks:/opt/ros/humble LD_LIBRARY_PATH=/home/parallels/ros2_ws/src/general/install/slg_msgs/lib:/home/parallels/ros2_ws/src/general/install/perception_interfaces/lib:/home/parallels/ros2_ws/src/general/install/laser_segmentation/lib:/opt/ros/humble/opt/rviz_ogre_vendor/lib:/opt/ros/humble/lib/aarch64-linux-gnu:/opt/ros/humble/lib /usr/bin/cmake --build /home/parallels/ros2_ws/src/general/build/perception -- -j2 -l2
[0.039s] -- Found ament_cmake: 1.3.9 (/opt/ros/humble/share/ament_cmake/cmake)
[0.125s] -- Found rclcpp: 16.0.9 (/opt/ros/humble/share/rclcpp/cmake)
[0.150s] -- Found rosidl_generator_c: 3.1.5 (/opt/ros/humble/share/rosidl_generator_c/cmake)
[0.152s] -- Found rosidl_adapter: 3.1.5 (/opt/ros/humble/share/rosidl_adapter/cmake)
[0.157s] -- Found rosidl_generator_cpp: 3.1.5 (/opt/ros/humble/share/rosidl_generator_cpp/cmake)
[0.165s] -- Using all available rosidl_typesupport_c: rosidl_typesupport_fastrtps_c;rosidl_typesupport_introspection_c
[0.175s] -- Using all available rosidl_typesupport_cpp: rosidl_typesupport_fastrtps_cpp;rosidl_typesupport_introspection_cpp
[0.213s] -- Found rmw_implementation_cmake: 6.1.2 (/opt/ros/humble/share/rmw_implementation_cmake/cmake)
[0.215s] -- Found rmw_fastrtps_cpp: 6.2.6 (/opt/ros/humble/share/rmw_fastrtps_cpp/cmake)
[0.293s] -- Using RMW implementation 'rmw_fastrtps_cpp' as default
[0.389s] -- Found rclcpp_components: 16.0.9 (/opt/ros/humble/share/rclcpp_components/cmake)
[0.425s] -- Found composition: 0.20.4 (/opt/ros/humble/share/composition/cmake)
[0.426s] -- Found sensor_msgs: 4.2.4 (/opt/ros/humble/share/sensor_msgs/cmake)
[0.500s] -- Found slg_msgs: 3.8.0 (/home/parallels/ros2_ws/src/general/install/slg_msgs/share/slg_msgs/cmake)
[0.542s] -- Found perception_interfaces: 0.0.0 (/home/parallels/ros2_ws/src/general/install/perception_interfaces/share/perception_interfaces/cmake)
[0.582s] -- Found ament_lint_auto: 0.12.11 (/opt/ros/humble/share/ament_lint_auto/cmake)
[0.630s] -- Added test 'cppcheck' to perform static code analysis on C / C++ code
[0.630s] -- Configured cppcheck include dirs: /home/parallels/ros2_ws/src/general/perception/include
[0.630s] -- Configured cppcheck exclude dirs and/or files: 
[0.631s] -- Added test 'flake8' to check Python code syntax and style conventions
[0.631s] -- Added test 'lint_cmake' to check CMake code style
[0.631s] -- Added test 'pep257' to check Python code against some of the docstring style conventions in PEP 257
[0.632s] -- Added test 'uncrustify' to check C / C++ code style
[0.632s] -- Configured uncrustify additional arguments: 
[0.632s] -- Added test 'xmllint' to check XML markup files
[0.634s] -- Configuring done
[0.655s] -- Generating done
[0.657s] -- Build files have been written to: /home/parallels/ros2_ws/src/general/build/perception
[0.669s] [35m[1mConsolidate compiler generated dependencies of target lidar_prop_detector_component[0m
[0.670s] [35m[1mConsolidate compiler generated dependencies of target coord_finder_component[0m
[0.678s] [ 12%] Built target coord_finder_component
[0.682s] [35m[1mConsolidate compiler generated dependencies of target liblidar_calculations[0m
[0.685s] [ 25%] Built target lidar_prop_detector_component
[0.689s] [ 37%] Built target liblidar_calculations
[0.689s] [35m[1mConsolidate compiler generated dependencies of target libhelpers[0m
[0.693s] [35m[1mConsolidate compiler generated dependencies of target coord_finder_composition[0m
[0.695s] [ 50%] Built target libhelpers
[0.700s] [ 62%] Built target coord_finder_composition
[0.703s] [ 68%] [32mBuilding CXX object CMakeFiles/mock_coord_pub_component.dir/src/mock_coord_pub_component.cpp.o[0m
[0.707s] [35m[1mConsolidate compiler generated dependencies of target lidar_prop_detector_composition[0m
[0.713s] [ 81%] Built target lidar_prop_detector_composition
[1.093s] In file included from [01m[K/home/parallels/ros2_ws/src/general/perception/src/mock_coord_pub_component.cpp:1[m[K:
[1.093s] [01m[K/home/parallels/ros2_ws/src/general/perception/include/perception/mock_coord_pub_component.hpp:10:10:[m[K [01;31m[Kfatal error: [m[Kperception_interfaces/msg/bounding_box.hpp: No such file or directory
[1.093s]    10 | #include [01;31m[K"perception_interfaces/msg/bounding_box.hpp"[m[K
[1.093s]       |          [01;31m[K^~~~~~~~~~~~~~~~~~~~~~~~~~~~~~~~~~~~~~~~~~~~[m[K
[1.093s] compilation terminated.
[1.095s] gmake[2]: *** [CMakeFiles/mock_coord_pub_component.dir/build.make:76: CMakeFiles/mock_coord_pub_component.dir/src/mock_coord_pub_component.cpp.o] Error 1
[1.095s] gmake[1]: *** [CMakeFiles/Makefile2:309: CMakeFiles/mock_coord_pub_component.dir/all] Error 2
[1.095s] gmake: *** [Makefile:146: all] Error 2
[1.096s] Invoked command in '/home/parallels/ros2_ws/src/general/build/perception' returned '2': CMAKE_PREFIX_PATH=/home/parallels/ros2_ws/src/general/install/slg_msgs:/home/parallels/ros2_ws/src/general/install/perception_interfaces:/home/parallels/ros2_ws/src/general/install/laser_segmentation:/home/parallels/ros2_ws/src/general/install/njord_tasks:/opt/ros/humble LD_LIBRARY_PATH=/home/parallels/ros2_ws/src/general/install/slg_msgs/lib:/home/parallels/ros2_ws/src/general/install/perception_interfaces/lib:/home/parallels/ros2_ws/src/general/install/laser_segmentation/lib:/opt/ros/humble/opt/rviz_ogre_vendor/lib:/opt/ros/humble/lib/aarch64-linux-gnu:/opt/ros/humble/lib /usr/bin/cmake --build /home/parallels/ros2_ws/src/general/build/perception -- -j2 -l2
