-- Found ament_cmake: 1.3.9 (/opt/ros/humble/share/ament_cmake/cmake)
-- Found rclcpp: 16.0.9 (/opt/ros/humble/share/rclcpp/cmake)
-- Found rosidl_generator_c: 3.1.5 (/opt/ros/humble/share/rosidl_generator_c/cmake)
-- Found rosidl_adapter: 3.1.5 (/opt/ros/humble/share/rosidl_adapter/cmake)
-- Found rosidl_generator_cpp: 3.1.5 (/opt/ros/humble/share/rosidl_generator_cpp/cmake)
-- Using all available rosidl_typesupport_c: rosidl_typesupport_fastrtps_c;rosidl_typesupport_introspection_c
-- Using all available rosidl_typesupport_cpp: rosidl_typesupport_fastrtps_cpp;rosidl_typesupport_introspection_cpp
-- Found rmw_implementation_cmake: 6.1.2 (/opt/ros/humble/share/rmw_implementation_cmake/cmake)
-- Found rmw_fastrtps_cpp: 6.2.6 (/opt/ros/humble/share/rmw_fastrtps_cpp/cmake)
-- Using RMW implementation 'rmw_fastrtps_cpp' as default
-- Found rclcpp_components: 16.0.9 (/opt/ros/humble/share/rclcpp_components/cmake)
-- Found composition: 0.20.4 (/opt/ros/humble/share/composition/cmake)
-- Found sensor_msgs: 4.2.4 (/opt/ros/humble/share/sensor_msgs/cmake)
-- Found slg_msgs: 3.8.0 (/home/parallels/ros2_ws/src/general/install/slg_msgs/share/slg_msgs/cmake)
-- Found perception_interfaces: 0.0.0 (/home/parallels/ros2_ws/src/general/install/perception_interfaces/share/perception_interfaces/cmake)
-- Found ament_lint_auto: 0.12.11 (/opt/ros/humble/share/ament_lint_auto/cmake)
-- Added test 'cppcheck' to perform static code analysis on C / C++ code
-- Configured cppcheck include dirs: /home/parallels/ros2_ws/src/general/perception/include
-- Configured cppcheck exclude dirs and/or files: 
-- Added test 'flake8' to check Python code syntax and style conventions
-- Added test 'lint_cmake' to check CMake code style
-- Added test 'pep257' to check Python code against some of the docstring style conventions in PEP 257
-- Added test 'uncrustify' to check C / C++ code style
-- Configured uncrustify additional arguments: 
-- Added test 'xmllint' to check XML markup files
-- Configuring done
-- Generating done
-- Build files have been written to: /home/parallels/ros2_ws/src/general/build/perception
[35m[1mConsolidate compiler generated dependencies of target lidar_prop_detector_component[0m
[  3%] [32mBuilding CXX object CMakeFiles/lidar_camera_fuser_component.dir/src/lidar_camera_fuser_component.cpp.o[0m
[  7%] [32mBuilding CXX object CMakeFiles/lidar_prop_detector_component.dir/src/lidar_prop_detector_component.cpp.o[0m
[ 11%] [32m[1mLinking CXX shared library liblidar_prop_detector_component.so[0m
[ 11%] Built target lidar_prop_detector_component
[35m[1mConsolidate compiler generated dependencies of target coord_finder_component[0m
[ 15%] [32mBuilding CXX object CMakeFiles/coord_finder_component.dir/src/coord_finder_component.cpp.o[0m
[ 19%] [32m[1mLinking CXX shared library liblidar_camera_fuser_component.so[0m
[ 19%] Built target lidar_camera_fuser_component
[ 23%] [32mBuilding CXX object CMakeFiles/mock_bbox_pub_component.dir/src/mock_bbox_pub_component.cpp.o[0m
[ 26%] [32m[1mLinking CXX shared library libmock_bbox_pub_component.so[0m
[ 26%] Built target mock_bbox_pub_component
[35m[1mConsolidate compiler generated dependencies of target liblidar_calculations[0m
[ 30%] [32mBuilding CXX object CMakeFiles/liblidar_calculations.dir/lib/lidar_calculations.cpp.o[0m
[ 34%] [32m[1mLinking CXX shared library libcoord_finder_component.so[0m
[ 34%] Built target coord_finder_component
[35m[1mConsolidate compiler generated dependencies of target libhelpers[0m
[ 38%] [32mBuilding CXX object CMakeFiles/libhelpers.dir/lib/helpers.cpp.o[0m
[ 42%] [32m[1mLinking CXX static library liblibhelpers.a[0m
[ 42%] Built target libhelpers
[ 46%] [32mBuilding CXX object CMakeFiles/libbbox_calculations.dir/lib/bbox_calculations.cpp.o[0m
[ 50%] [32m[1mLinking CXX static library libliblidar_calculations.a[0m
[ 50%] Built target liblidar_calculations
[35m[1mConsolidate compiler generated dependencies of target coord_finder_composition[0m
[ 53%] [32mBuilding CXX object CMakeFiles/coord_finder_composition.dir/src/coord_finder_composition.cpp.o[0m
[ 57%] [32m[1mLinking CXX static library liblibbbox_calculations.a[0m
[ 57%] Built target libbbox_calculations
[ 61%] [32mBuilding CXX object CMakeFiles/mock_bbox_pub_composition.dir/src/mock_bbox_pub_composition.cpp.o[0m
[ 65%] [32m[1mLinking CXX executable coord_finder_composition[0m
[ 65%] Built target coord_finder_composition
[ 69%] [32mBuilding CXX object CMakeFiles/mock_coord_pub_component.dir/src/mock_coord_pub_component.cpp.o[0m
[ 73%] [32m[1mLinking CXX executable mock_bbox_pub_composition[0m
[ 73%] Built target mock_bbox_pub_composition
[35m[1mConsolidate compiler generated dependencies of target lidar_prop_detector_composition[0m
[ 76%] [32mBuilding CXX object CMakeFiles/lidar_prop_detector_composition.dir/src/lidar_prop_detector_composition.cpp.o[0m
In file included from [01m[K/home/parallels/ros2_ws/src/general/perception/src/mock_coord_pub_component.cpp:1[m[K:
[01m[K/home/parallels/ros2_ws/src/general/perception/include/perception/mock_coord_pub_component.hpp:34:49:[m[K [01;31m[Kerror: [m[Kâ€˜[01m[KCoordinates[m[Kâ€™ is not a member of â€˜[01m[Kperception_interfaces::msg[m[Kâ€™
   34 |   rclcpp::Publisher<perception_interfaces::msg::[01;31m[KCoordinates[m[K>::SharedPtr pub_;
      |                                                 [01;31m[K^~~~~~~~~~~[m[K
[01m[K/home/parallels/ros2_ws/src/general/perception/include/perception/mock_coord_pub_component.hpp:34:60:[m[K [01;31m[Kerror: [m[Ktemplate argument 1 is invalid
   34 |   rclcpp::Publisher<perception_interfaces::msg::Coordinates[01;31m[K>[m[K::SharedPtr pub_;
      |                                                            [01;31m[K^[m[K
[01m[K/home/parallels/ros2_ws/src/general/perception/include/perception/mock_coord_pub_component.hpp:34:63:[m[K [01;31m[Kerror: [m[Kexpected â€˜[01m[K;[m[Kâ€™ at end of member declaration
   34 |   rclcpp::Publisher<perception_interfaces::msg::Coordinates>::[01;31m[KSharedPtr[m[K pub_;
      |                                                               [01;31m[K^~~~~~~~~[m[K
      |                                                                        [32m[K;[m[K
[01m[K/home/parallels/ros2_ws/src/general/perception/include/perception/mock_coord_pub_component.hpp:34:73:[m[K [01;31m[Kerror: [m[Kâ€˜[01m[Kpub_[m[Kâ€™ does not name a type
   34 |   rclcpp::Publisher<perception_interfaces::msg::Coordinates>::SharedPtr [01;31m[Kpub_[m[K;
      |                                                                         [01;31m[K^~~~[m[K
[01m[K/home/parallels/ros2_ws/src/general/perception/src/mock_coord_pub_component.cpp:[m[K In constructor â€˜[01m[Kperception::MockCoordPub::MockCoordPub(const rclcpp::NodeOptions&)[m[Kâ€™:
[01m[K/home/parallels/ros2_ws/src/general/perception/src/mock_coord_pub_component.cpp:10:7:[m[K [01;31m[Kerror: [m[Kâ€˜[01m[Kpub_[m[Kâ€™ was not declared in this scope
   10 |       [01;31m[Kpub_[m[K = this->create_publisher<perception_interfaces::msg::Coordinates>("perception/mock_coord", 10);
      |       [01;31m[K^~~~[m[K
[01m[K/home/parallels/ros2_ws/src/general/perception/src/mock_coord_pub_component.cpp:10:65:[m[K [01;31m[Kerror: [m[Kâ€˜[01m[KCoordinates[m[Kâ€™ is not a member of â€˜[01m[Kperception_interfaces::msg[m[Kâ€™
   10 |       pub_ = this->create_publisher<perception_interfaces::msg::[01;31m[KCoordinates[m[K>("perception/mock_coord", 10);
      |                                                                 [01;31m[K^~~~~~~~~~~[m[K
[01m[K/home/parallels/ros2_ws/src/general/perception/src/mock_coord_pub_component.cpp:10:77:[m[K [01;31m[Kerror: [m[Kno matching function for call to â€˜[01m[Kperception::MockCoordPub::create_publisher<<expression error> >(const char [22], int)[m[Kâ€™
   10 |       pub_ = [01;31m[Kthis->create_publisher<perception_interfaces::msg::Coordinates>("perception/mock_coord", 10)[m[K;
      |              [01;31m[K~~~~~~~~~~~~~~~~~~~~~~~~~~~~~~~~~~~~~~~~~~~~~~~~~~~~~~~~~~~~~~~^~~~~~~~~~~~~~~~~~~~~~~~~~~~~[m[K
In file included from [01m[K/opt/ros/humble/include/rclcpp/rclcpp/executors/single_threaded_executor.hpp:28[m[K,
                 from [01m[K/opt/ros/humble/include/rclcpp/rclcpp/executors.hpp:22[m[K,
                 from [01m[K/opt/ros/humble/include/rclcpp/rclcpp/rclcpp.hpp:155[m[K,
                 from [01m[K/home/parallels/ros2_ws/src/general/perception/include/perception/mock_coord_pub_component.hpp:8[m[K,
                 from [01m[K/home/parallels/ros2_ws/src/general/perception/src/mock_coord_pub_component.cpp:1[m[K:
[01m[K/opt/ros/humble/include/rclcpp/rclcpp/node.hpp:195:3:[m[K [01;36m[Knote: [m[Kcandidate: â€˜[01m[Ktemplate<class MessageT, class AllocatorT, class PublisherT> std::shared_ptr<PublisherT> rclcpp::Node::create_publisher(const string&, const rclcpp::QoS&, const rclcpp::PublisherOptionsWithAllocator<AllocatorT>&)[m[Kâ€™
  195 |   [01;36m[Kcreate_publisher[m[K(
      |   [01;36m[K^~~~~~~~~~~~~~~~[m[K
[01m[K/opt/ros/humble/include/rclcpp/rclcpp/node.hpp:195:3:[m[K [01;36m[Knote: [m[K  template argument deduction/substitution failed:
[01m[K/home/parallels/ros2_ws/src/general/perception/src/mock_coord_pub_component.cpp:10:77:[m[K [01;31m[Kerror: [m[Ktemplate argument 1 is invalid
   10 |       pub_ = [01;31m[Kthis->create_publisher<perception_interfaces::msg::Coordinates>("perception/mock_coord", 10)[m[K;
      |              [01;31m[K~~~~~~~~~~~~~~~~~~~~~~~~~~~~~~~~~~~~~~~~~~~~~~~~~~~~~~~~~~~~~~~^~~~~~~~~~~~~~~~~~~~~~~~~~~~~[m[K
[01m[K/home/parallels/ros2_ws/src/general/perception/src/mock_coord_pub_component.cpp:13:72:[m[K [01;31m[Kerror: [m[Kqualified-id in declaration before â€˜[01m[K([m[Kâ€™ token
   13 |   rcl_interfaces::msg::SetParametersResult MockCoordPub::param_callback[01;31m[K([m[Kconst std::vector<rclcpp::Parameter> &params)
      |                                                                        [01;31m[K^[m[K
[01m[K/home/parallels/ros2_ws/src/general/perception/src/mock_coord_pub_component.cpp:31:36:[m[K [01;31m[Kerror: [m[Kqualified-id in declaration before â€˜[01m[K([m[Kâ€™ token
   31 |   void MockCoordPub::timer_callback[01;31m[K([m[K)
      |                                    [01;31m[K^[m[K
In file included from [01m[K/opt/ros/humble/include/class_loader/class_loader/class_loader.hpp:56[m[K,
                 from [01m[K/opt/ros/humble/include/rclcpp_components/rclcpp_components/register_node_macro.hpp:18[m[K,
                 from [01m[K/home/parallels/ros2_ws/src/general/perception/src/mock_coord_pub_component.cpp:42[m[K:
[01m[K/home/parallels/ros2_ws/src/general/perception/src/mock_coord_pub_component.cpp:[m[K At global scope:
[01m[K/home/parallels/ros2_ws/src/general/perception/src/mock_coord_pub_component.cpp:44:1:[m[K [01;31m[Kerror: [m[Kexpected â€˜[01m[K}[m[Kâ€™ at end of input
   44 | [01;31m[KRCLCPP_COMPONENTS_REGISTER_NODE[m[K(perception::MockCoordPub)
      | [01;31m[K^~~~~~~~~~~~~~~~~~~~~~~~~~~~~~~[m[K
[01m[K/home/parallels/ros2_ws/src/general/perception/src/mock_coord_pub_component.cpp:4:1:[m[K [01;36m[Knote: [m[Kto match this â€˜[01m[K{[m[Kâ€™
    4 | [01;36m[K{[m[K
      | [01;36m[K^[m[K
gmake[2]: *** [CMakeFiles/mock_coord_pub_component.dir/build.make:76: CMakeFiles/mock_coord_pub_component.dir/src/mock_coord_pub_component.cpp.o] Error 1
gmake[1]: *** [CMakeFiles/Makefile2:453: CMakeFiles/mock_coord_pub_component.dir/all] Error 2
gmake[1]: *** Waiting for unfinished jobs....
[ 80%] [32m[1mLinking CXX executable lidar_prop_detector_composition[0m
[ 80%] Built target lidar_prop_detector_composition
gmake: *** [Makefile:146: all] Error 2
