[0.008s] Invoking command in '/home/parallels/ros2_ws/src/general/build/perception': CMAKE_PREFIX_PATH=${CMAKE_PREFIX_PATH}:/home/parallels/ros2_ws/install/ardupilot_dds_tests:/opt/ros/humble /usr/bin/cmake --build /home/parallels/ros2_ws/src/general/build/perception -- -j2 -l2
[0.043s] [35m[1mConsolidate compiler generated dependencies of target lidar_prop_detector_component[0m
[0.053s] [35m[1mConsolidate compiler generated dependencies of target coord_finder_component[0m
[0.065s] [ 12%] Built target lidar_prop_detector_component
[0.069s] [ 25%] Built target coord_finder_component
[0.073s] [35m[1mConsolidate compiler generated dependencies of target liblidar_calculations[0m
[0.073s] [35m[1mConsolidate compiler generated dependencies of target libhelpers[0m
[0.083s] [ 37%] Built target libhelpers
[0.083s] [ 50%] Built target liblidar_calculations
[0.089s] [35m[1mConsolidate compiler generated dependencies of target coord_finder_composition[0m
[0.099s] [ 56%] [32mBuilding CXX object CMakeFiles/mock_coord_pub_component.dir/src/mock_coord_pub_component.cpp.o[0m
[0.100s] [ 68%] Built target coord_finder_composition
[0.114s] [35m[1mConsolidate compiler generated dependencies of target lidar_prop_detector_composition[0m
[0.117s] [ 81%] Built target lidar_prop_detector_composition
[0.404s] In file included from [01m[K/home/parallels/ros2_ws/src/general/perception/src/mock_coord_pub_component.cpp:1[m[K:
[0.404s] [01m[K/home/parallels/ros2_ws/src/general/perception/include/perception/mock_coord_pub_component.hpp:10:10:[m[K [01;31m[Kfatal error: [m[Kperception_interfaces/msg/bounding_box.hpp: No such file or directory
[0.404s]    10 | #include [01;31m[K"perception_interfaces/msg/bounding_box.hpp"[m[K
[0.404s]       |          [01;31m[K^~~~~~~~~~~~~~~~~~~~~~~~~~~~~~~~~~~~~~~~~~~~[m[K
[0.404s] compilation terminated.
[0.406s] gmake[2]: *** [CMakeFiles/mock_coord_pub_component.dir/build.make:76: CMakeFiles/mock_coord_pub_component.dir/src/mock_coord_pub_component.cpp.o] Error 1
[0.406s] gmake[1]: *** [CMakeFiles/Makefile2:309: CMakeFiles/mock_coord_pub_component.dir/all] Error 2
[0.406s] gmake: *** [Makefile:146: all] Error 2
[0.407s] Invoked command in '/home/parallels/ros2_ws/src/general/build/perception' returned '2': CMAKE_PREFIX_PATH=${CMAKE_PREFIX_PATH}:/home/parallels/ros2_ws/install/ardupilot_dds_tests:/opt/ros/humble /usr/bin/cmake --build /home/parallels/ros2_ws/src/general/build/perception -- -j2 -l2
